<?xml version="1.0" encoding="UTF-8"?>
<testsuite name="com.TestUnitario.IngresoTest" tests="3" skipped="0" failures="0" errors="0" timestamp="2018-05-29T15:12:36" hostname="ALEXANDER-ANGULO" time="0.003">
  <properties/>
  <testcase name="ingresoCarrosTest" classname="com.TestUnitario.IngresoTest" time="0.001"/>
  <testcase name="verificarDiaNoPermitidoPlacaATest" classname="com.TestUnitario.IngresoTest" time="0.0"/>
  <testcase name="verificarDiaPermitidoPlacaATest" classname="com.TestUnitario.IngresoTest" time="0.0"/>
  <system-out><![CDATA[]]></system-out>
  <system-err><![CDATA[]]></system-err>
</testsuite>
