<?xml version="1.0" encoding="UTF-8"?>
<testsuite name="com.TestUnitario.Parqueadero2418AlexApplicationTests" tests="1" skipped="0" failures="0" errors="0" timestamp="2018-05-29T15:12:36" hostname="ALEXANDER-ANGULO" time="0.001">
  <properties/>
  <testcase name="contextLoads" classname="com.TestUnitario.Parqueadero2418AlexApplicationTests" time="0.001"/>
  <system-out><![CDATA[]]></system-out>
  <system-err><![CDATA[]]></system-err>
</testsuite>
