<?xml version="1.0" encoding="UTF-8"?>
<testsuite name="com.TestUnitario.FacturaTest" tests="4" skipped="0" failures="0" errors="0" timestamp="2018-05-29T15:12:36" hostname="ALEXANDER-ANGULO" time="0.017">
  <properties/>
  <testcase name="calcularCostoMotoTest" classname="com.TestUnitario.FacturaTest" time="0.016"/>
  <testcase name="calculaTiempoTest" classname="com.TestUnitario.FacturaTest" time="0.0"/>
  <testcase name="calcularCostoCarroTest" classname="com.TestUnitario.FacturaTest" time="0.0"/>
  <testcase name="calcularCostoMotoCilindrajeMayorTest" classname="com.TestUnitario.FacturaTest" time="0.0"/>
  <system-out><![CDATA[]]></system-out>
  <system-err><![CDATA[]]></system-err>
</testsuite>
