<?xml version="1.0" encoding="UTF-8"?>
<testsuite name="com.TestUnitario.ParqueaderoTest" tests="3" skipped="0" failures="0" errors="0" timestamp="2018-05-29T15:12:36" hostname="ALEXANDER-ANGULO" time="0.002">
  <properties/>
  <testcase name="DisponibilidadMotoTest" classname="com.TestUnitario.ParqueaderoTest" time="0.002"/>
  <testcase name="test" classname="com.TestUnitario.ParqueaderoTest" time="0.0"/>
  <testcase name="DisponibilidadCarroTest" classname="com.TestUnitario.ParqueaderoTest" time="0.0"/>
  <system-out><![CDATA[]]></system-out>
  <system-err><![CDATA[]]></system-err>
</testsuite>
