<?xml version="1.0" encoding="UTF-8"?>
<testsuite name="com.TestUnitario.IngresoTest" tests="1" skipped="0" failures="0" errors="0" timestamp="2018-05-23T16:54:37" hostname="ALEXANDER-ANGULO" time="0.004">
  <properties/>
  <testcase name="ingresoCarrosTest" classname="com.TestUnitario.IngresoTest" time="0.004"/>
  <system-out><![CDATA[]]></system-out>
  <system-err><![CDATA[]]></system-err>
</testsuite>
