<?xml version="1.0" encoding="UTF-8"?>
<testsuite name="com.TestUnitario.ParqueaderoTest" tests="2" skipped="0" failures="0" errors="0" timestamp="2018-05-25T20:43:34" hostname="ALEXANDER-ANGULO" time="0.002">
  <properties/>
  <testcase name="DisponibilidadMotoTest" classname="com.TestUnitario.ParqueaderoTest" time="0.001"/>
  <testcase name="DisponibilidadCarroTest" classname="com.TestUnitario.ParqueaderoTest" time="0.001"/>
  <system-out><![CDATA[]]></system-out>
  <system-err><![CDATA[]]></system-err>
</testsuite>
